<?xml version="1.0" encoding="UTF-8"?>
<testng-results ignored="0" total="1" passed="1" failed="0" skipped="0">
  <reporter-output>
  </reporter-output>
  <suite started-at="2022-09-19T15:32:39 IST" name="Surefire suite" finished-at="2022-09-19T15:32:39 IST" duration-ms="84">
    <groups>
    </groups>
    <test started-at="2022-09-19T15:32:39 IST" name="Surefire test" finished-at="2022-09-19T15:32:39 IST" duration-ms="84">
      <class name="com.salmon.test.framework.helpers.CucumberReportParser">
        <test-method signature="parseJson()[pri:0, instance:com.salmon.test.framework.helpers.CucumberReportParser@628c4ac0]" started-at="2022-09-19T15:32:39 IST" name="parseJson" finished-at="2022-09-19T15:32:39 IST" duration-ms="58" status="PASS">
          <reporter-output>
          </reporter-output>
        </test-method> <!-- parseJson -->
      </class> <!-- com.salmon.test.framework.helpers.CucumberReportParser -->
    </test> <!-- Surefire test -->
  </suite> <!-- Surefire suite -->
</testng-results>
