<?xml version="1.0" encoding="UTF-8"?>
<testsuite xmlns:xsi="http://www.w3.org/2001/XMLSchema-instance" xsi:noNamespaceSchemaLocation="https://maven.apache.org/surefire/maven-surefire-plugin/xsd/surefire-test-report.xsd" name="com.salmon.test.RunWebSmokeMobileSuite_oms" time="1,441.679" tests="1" errors="0" skipped="0" failures="1">
  <properties>
[...]
</properties>
  <testcase name="runScenario" classname="com.salmon.test.RunWebSmokeMobileSuite_oms" time="1,439.696">
    <failure message="expected:&lt;true&gt; but was:&lt;false&gt;" type="java.lang.AssertionError"><![CDATA[java.lang.AssertionError: expected:<true> but was:<false>
]]></failure>
    <system-out><![CDATA[[INFO] Loaded default TestExecutionListener class names from location [META-INF/spring.factories]: [org.springframework.test.context.web.ServletTestExecutionListener, org.springframework.test.context.support.DirtiesContextBeforeModesTestExecutionListener, org.springframework.test.context.support.DependencyInjectionTestExecutionListener, org.springframework.test.context.support.DirtiesContextTestExecutionListener, org.springframework.test.context.transaction.TransactionalTestExecutionListener, org.springframework.test.context.jdbc.SqlScriptsTestExecutionListener]
[INFO] Using TestExecutionListeners: [org.springframework.test.context.support.DirtiesContextBeforeModesTestExecutionListener@58fbd02e, org.springframework.test.context.support.DependencyInjectionTestExecutionListener@163042ea, org.springframework.test.context.support.DirtiesContextTestExecutionListener@11d045b4, org.springframework.test.context.transaction.TransactionalTestExecutionListener@1fbf088b, org.springframework.test.context.jdbc.SqlScriptsTestExecutionListener@1943c1f2]

@anonymousMobile2Samsung @orderprocess_oms @testing
Scenario Outline: 1 Check Order Returns and Refunds - Return                                    # src/test/resources/features/mobile/ReturnsAndRefundsTestsMobile.feature:146
Trying to set up
-- listing properties --
profile.path=/profiles/browserstack/config.properties
device=/devices/samsungs10/config.properties
-- listing properties --
ProductOnSaleUrl=/uk-womens-department/womans-sale/lin...
productCode_OneSize_OMS=30248859999
productCode_PreviousPrice_oms=352759662
paymentType_GiftcardAndPaypal=gift card and paypal
paymentType_Storecard=store card
productCode_stock=340926949
bsUser=satishkumar_Ir6C3d
OutOfStockProductUrl_singleSize_oms=/uk/womens/jewellery-and-hair-accesso...
pciFormNewUser=pci_form@testmail.com
visa_CardNumber_1=4111111111111111
MAO_InStock_Dress_SKU=3171910
password=password123
studentDiscountUserEmail=auto_studentdiscount@testmail.com
visa_CardNumber_3=4456530000001013
visa_CardNumber_2=4000000000000002
country_Ireland=Republic of Ireland
MAO_InStock_MultiSize_DRESS=317190649
chopinUrl=https://staging01-sites.prepaytec.com...
paymentType_Virtualcard=virtual card
paymentType_GiftcardAndStorecard=gift card and store card
backofficeAdminPassword=nimda
collection_not_available_message=Not available for this order
productCode_OneSize_LessThan5Stock_OMS=357711970
paymentType_VirtualcardAndGiftcard1=virtual card and gift card 1
featureName=feature.newlookintegrationipaas.custo...
paymentType_VirtualcardAndGiftcard2=virtual card and gift card 2
productCode_analytics_oms2_sku=3718227
rerunThreshold=0
paymentType_Card=card
registeredGiftCard1=6335863604876742
OutOfStockProductUrl=/uk-womens-department/jewellery-and-h...
productCode_ModelWearsOutOfStock=375359290
productCode_PreviousPrice=341543649
registeredGiftCard2=6335863608073262
paymentType_Paypal=pay pal
country_USA=United States
store_only_message_checkout=Please note that we only show the ava...
productCode_OneSize_OutOfStock=372907929
productCode_MultiSize=355180910
searchProductNoAlert=<script>alert('test');</script>
MAO_LowStock_Mobile_sku=3342399
passwordDeliveryMethod=Password@000
MAO_OutOfStock_MultiSize_Sku=3351819
ProductCode_LowStock_oms=340926949
MAO_InStock_White=377677710
bag_oos_message=Sorry - some of your items are now ou...
productCode_analytics_oms4_sku=3578589
checkoutAndPaymentsUserEmail=auto_checkout@testmail.com
bagEmail=auto_nl@testmail.com
message_France=Veuillez noter que vous pouvez choisi...
paymentType_VirtualcardAndGiftcard=virtual card and gift card
productCode_OneSize=325963061
productCode_OneSize_Only1Stock_OMS=353829672
MAO_LowStock_Sku_24L36=3157759
myAccountOrdersUserEmail=auto_myAccountOrders@testmail.com
searchProduct_Tops=tops
local=false
myAccountCardsUserEmail=auto_myAccountCards@testmail.com
productCode_MultiSize_OutOfStock=362940493
registeredGiftCardPin2=4323
registeredGiftCardPin1=0459
ProductCode_LowStock=337213310
productCode_OneSize_LowStock_3Left_OMS=354235614
productCode_MultiSize_LowStock=359655644
message_Germany=Wenn Sie das Versandland
productCode_OneSize_LowStock_oms=360095513
MAO_LowStock_MultiSize_JEANS=315770841
searchProduct_Shoes=Shoes
productCode_Store_Only_OneSize_OMS=246367692
contactPreferencesEmail=beccatester@mailinator.com
site.url=https://www-aws12.dev-newlook.com/
MAO_MultiSize_sfs_dc=37250074916
searchProduct_Shirt=shirt
deliveryOptions=UK Royal Mail
registeredGiftCardPin=7219
productCode=367806981
storeCardNumber=9826220022220013
productCode_Store_Only_MultiSize_OMS=36466864112
signInUserEmail=auto_signin@testmail.com
MAO_LowStock_SingleSize=317431989
giftCardErrorMessage=Sorry, payment by gift card is curren...
country_Australia=Australia
paymentType_Giftcard=gift card 1
impex=https://testEnv.dev-newlook.com/newlo...
country_UK=United Kingdom
MAO_SingleSize_sfs=24636769299
MAO_LowStock_Mobile=334235630
backofficeAdmin=admin
paymentType_Staffcard=staff card
productCode_MultiSize_LowStock_OMS=3015689
bagPassword=Password123
emailAddress=autotester@example.com
country_France=France
studentDiscountNO=969614022018094628
staffDiscountUserEmail=auto_staffdiscount@testemail.com
MAO_MultiSize_sfs=33124341010
productCode_MultiSize_OutOfStock1=348866810
cart_low_stock_message=Sorry, we've had to reduce the quanti...
country_Albania=Albania
myAccountSavedItemsUserEmail=auto_myAccountSavedItems@testmail.com
productCode_OneSize_LessThan5Stock=364584290
api.url=https://apps-aws12.dev-newlook.com
shoppingCartEmail=shoppingcartuser@testmail.com
productCode_analytics_oms1_sku=3724381
MAO_LowStock_Sku_26L28=31577602
productCode_brand=368797640
myBagUserEmail=auto_MyBag@testmail.com
crmSegmentSpecificPromotionsUserEmail=auto_crmSegmentSpecificPromotions@tes...
productCode_ModelWears=358599734
pdp_oos_atc_call_message=Sorry, that product is not currently ...
productCode_DC_Only_MultiSize_OMS=36492981150
collectionDisabledText=Not available for this order
MAO_OutOfStock_SingleSize_Sku=3650176
blockedGiftCard=6335863609042944
MAO_SingleSize_sfs_dc=33648399399
registeredGiftCard=6335863609885037
searchProduct_Jeans=jeans
searchProduct_Jeens=jeens
productCode_ModelWearsNotAvailableInUk=376713813
group_standard_delivery_message_inner_text=One or more items in your Basket is o...
group_standard_delivery_message=Standard delivery only available.
locale=uk
MAO_OutOfStock_SingleSize=365017370
country_Germany=Germany
bazaarVoiceProductNumber=374006118
testEnv=aws19
multiPdpUserEmail=auto_multipdp@testemail.com
platform=browserstack
productCode_France=340365270
productCode_MultiSize_oneColorOutOfStock=362042020
bsKey=xXpLRFDp9n7BEzqpenwt
productCode_analytics_oms3_sku=3713048
productCode_France_OMS=371798849
productCode1=325963061
productCode2=349382718
productCode3=374931092
country_Malta=Malta
staffCard=9826249999999796
myAccountPersonalDetailsUserEmail=auto_PD@testmail.com
OutOfStockProductUrl_oms=/uk/womens/clothing/skirts/blue-tropi...
standard_delivery_message=Standard delivery only
myAccountSavedAddress=auto_mySavedAddress@testmail.com
deliveryMethodEmail=deliveryMethod1204@testmail.com
productCode_savedItems=374777899
productCode_analytics_oms5=34670154510
productCode_analytics_oms6=34670151414
productCode_analytics_oms1=37243694099
Mastercard_CardNumber=5200000000000114
productCode_analytics_oms2=371299719
productCode_analytics_oms3=37129971914
productCode_OneSize_Only1Stock=357493044
productCode_analytics_oms4=32518565899
productCode_MultiColour=363100127
blockedGiftCardPin=0472
countryFrance_countryUK=Royaume-Uni
paymentType_CreditcardAndGiftcard=credit card and gift card
productCode_MultiSize_multicolor_OutOfStock=348545144
countryGermany_countryUK=Vereinigtes Königreich
message_UK=If you change your location, the item...
MAO_OutOfStock_MultiSize=361381379
contactPreferencesPassword=test123
Maestro_CardNumber=6759411100000008
MAO_LowStock_MultiSize=36176836718
searchProduct_Dress=dress
productCode_OneSize_LowStock=368102413
-- listing properties --
browser.version=
realDevice=true
os=
vendor=browserstack
browser=Android
mobile=true
browser.width=360
device=Samsung Galaxy S10
browser.height=760
os.version=9.0
-- listing properties --
profile.path=/profiles/browserstack/config.properties
device=/devices/samsungs10/config.properties
-- listing properties --
ProductOnSaleUrl=/uk-womens-department/womans-sale/lin...
productCode_OneSize_OMS=30248859999
productCode_PreviousPrice_oms=352759662
paymentType_GiftcardAndPaypal=gift card and paypal
paymentType_Storecard=store card
productCode_stock=340926949
bsUser=satishkumar_Ir6C3d
OutOfStockProductUrl_singleSize_oms=/uk/womens/jewellery-and-hair-accesso...
pciFormNewUser=pci_form@testmail.com
visa_CardNumber_1=4111111111111111
MAO_InStock_Dress_SKU=3171910
password=password123
studentDiscountUserEmail=auto_studentdiscount@testmail.com
visa_CardNumber_3=4456530000001013
visa_CardNumber_2=4000000000000002
country_Ireland=Republic of Ireland
MAO_InStock_MultiSize_DRESS=317190649
chopinUrl=https://staging01-sites.prepaytec.com...
paymentType_Virtualcard=virtual card
paymentType_GiftcardAndStorecard=gift card and store card
backofficeAdminPassword=nimda
collection_not_available_message=Not available for this order
productCode_OneSize_LessThan5Stock_OMS=357711970
paymentType_VirtualcardAndGiftcard1=virtual card and gift card 1
featureName=feature.newlookintegrationipaas.custo...
paymentType_VirtualcardAndGiftcard2=virtual card and gift card 2
productCode_analytics_oms2_sku=3718227
rerunThreshold=0
paymentType_Card=card
registeredGiftCard1=6335863604876742
OutOfStockProductUrl=/uk-womens-department/jewellery-and-h...
productCode_ModelWearsOutOfStock=375359290
productCode_PreviousPrice=341543649
registeredGiftCard2=6335863608073262
paymentType_Paypal=pay pal
country_USA=United States
store_only_message_checkout=Please note that we only show the ava...
productCode_OneSize_OutOfStock=372907929
productCode_MultiSize=355180910
searchProductNoAlert=<script>alert('test');</script>
MAO_LowStock_Mobile_sku=3342399
passwordDeliveryMethod=Password@000
MAO_OutOfStock_MultiSize_Sku=3351819
ProductCode_LowStock_oms=340926949
MAO_InStock_White=377677710
bag_oos_message=Sorry - some of your items are now ou...
productCode_analytics_oms4_sku=3578589
checkoutAndPaymentsUserEmail=auto_checkout@testmail.com
bagEmail=auto_nl@testmail.com
message_France=Veuillez noter que vous pouvez choisi...
paymentType_VirtualcardAndGiftcard=virtual card and gift card
productCode_OneSize=325963061
productCode_OneSize_Only1Stock_OMS=353829672
MAO_LowStock_Sku_24L36=3157759
myAccountOrdersUserEmail=auto_myAccountOrders@testmail.com
searchProduct_Tops=tops
local=false
myAccountCardsUserEmail=auto_myAccountCards@testmail.com
productCode_MultiSize_OutOfStock=362940493
registeredGiftCardPin2=4323
registeredGiftCardPin1=0459
ProductCode_LowStock=337213310
productCode_OneSize_LowStock_3Left_OMS=354235614
productCode_MultiSize_LowStock=359655644
message_Germany=Wenn Sie das Versandland
productCode_OneSize_LowStock_oms=360095513
MAO_LowStock_MultiSize_JEANS=315770841
searchProduct_Shoes=Shoes
productCode_Store_Only_OneSize_OMS=246367692
contactPreferencesEmail=beccatester@mailinator.com
site.url=https://www-aws12.dev-newlook.com/
MAO_MultiSize_sfs_dc=37250074916
searchProduct_Shirt=shirt
deliveryOptions=UK Royal Mail
registeredGiftCardPin=7219
productCode=367806981
storeCardNumber=9826220022220013
productCode_Store_Only_MultiSize_OMS=36466864112
signInUserEmail=auto_signin@testmail.com
MAO_LowStock_SingleSize=317431989
giftCardErrorMessage=Sorry, payment by gift card is curren...
country_Australia=Australia
paymentType_Giftcard=gift card 1
impex=https://testEnv.dev-newlook.com/newlo...
country_UK=United Kingdom
MAO_SingleSize_sfs=24636769299
MAO_LowStock_Mobile=334235630
backofficeAdmin=admin
paymentType_Staffcard=staff card
productCode_MultiSize_LowStock_OMS=3015689
bagPassword=Password123
emailAddress=autotester@example.com
country_France=France
studentDiscountNO=969614022018094628
staffDiscountUserEmail=auto_staffdiscount@testemail.com
MAO_MultiSize_sfs=33124341010
productCode_MultiSize_OutOfStock1=348866810
cart_low_stock_message=Sorry, we've had to reduce the quanti...
country_Albania=Albania
myAccountSavedItemsUserEmail=auto_myAccountSavedItems@testmail.com
productCode_OneSize_LessThan5Stock=364584290
api.url=https://apps-aws12.dev-newlook.com
shoppingCartEmail=shoppingcartuser@testmail.com
productCode_analytics_oms1_sku=3724381
MAO_LowStock_Sku_26L28=31577602
productCode_brand=368797640
myBagUserEmail=auto_MyBag@testmail.com
crmSegmentSpecificPromotionsUserEmail=auto_crmSegmentSpecificPromotions@tes...
productCode_ModelWears=358599734
pdp_oos_atc_call_message=Sorry, that product is not currently ...
productCode_DC_Only_MultiSize_OMS=36492981150
collectionDisabledText=Not available for this order
MAO_OutOfStock_SingleSize_Sku=3650176
blockedGiftCard=6335863609042944
MAO_SingleSize_sfs_dc=33648399399
registeredGiftCard=6335863609885037
searchProduct_Jeans=jeans
searchProduct_Jeens=jeens
productCode_ModelWearsNotAvailableInUk=376713813
group_standard_delivery_message_inner_text=One or more items in your Basket is o...
group_standard_delivery_message=Standard delivery only available.
locale=uk
MAO_OutOfStock_SingleSize=365017370
country_Germany=Germany
bazaarVoiceProductNumber=374006118
testEnv=aws19
multiPdpUserEmail=auto_multipdp@testemail.com
platform=browserstack
productCode_France=340365270
productCode_MultiSize_oneColorOutOfStock=362042020
bsKey=xXpLRFDp9n7BEzqpenwt
productCode_analytics_oms3_sku=3713048
productCode_France_OMS=371798849
productCode1=325963061
productCode2=349382718
productCode3=374931092
country_Malta=Malta
staffCard=9826249999999796
myAccountPersonalDetailsUserEmail=auto_PD@testmail.com
OutOfStockProductUrl_oms=/uk/womens/clothing/skirts/blue-tropi...
standard_delivery_message=Standard delivery only
myAccountSavedAddress=auto_mySavedAddress@testmail.com
deliveryMethodEmail=deliveryMethod1204@testmail.com
productCode_savedItems=374777899
productCode_analytics_oms5=34670154510
productCode_analytics_oms6=34670151414
productCode_analytics_oms1=37243694099
Mastercard_CardNumber=5200000000000114
productCode_analytics_oms2=371299719
productCode_analytics_oms3=37129971914
productCode_OneSize_Only1Stock=357493044
productCode_analytics_oms4=32518565899
productCode_MultiColour=363100127
blockedGiftCardPin=0472
countryFrance_countryUK=Royaume-Uni
paymentType_CreditcardAndGiftcard=credit card and gift card
productCode_MultiSize_multicolor_OutOfStock=348545144
countryGermany_countryUK=Vereinigtes Königreich
message_UK=If you change your location, the item...
MAO_OutOfStock_MultiSize=361381379
contactPreferencesPassword=test123
Maestro_CardNumber=6759411100000008
MAO_LowStock_MultiSize=36176836718
searchProduct_Dress=dress
productCode_OneSize_LowStock=368102413
-- listing properties --
browser.version=
realDevice=true
os=
vendor=browserstack
browser=Android
mobile=true
browser.width=360
device=Samsung Galaxy S10
browser.height=760
os.version=9.0
[INFO] https://satishkumar_Ir6C3d:xXpLRFDp9n7BEzqpenwt@hub-cloud.browserstack.com/wd/hub Checking Selenium Remote URL
  Given i navigate to "Newlook" home page                                                       # com.salmon.test.step_definitions.gui.NavigationSteps.i_navigate_to_the_Salmon_page(java.lang.String)
[INFO] ### feature is off: feature.pci.microform.enabled.uk-site
  And feature "feature.pci.microform.enabled.uk-site" is switched off                           # com.salmon.test.step_definitions.gui.given.FeatureOnOffStepDefs.featureIsSwitchedOnOff(java.lang.String,java.lang.String)
[INFO] password returned -- wFRXxNUl1
[INFO] password returned -- tDKWltXG1
[INFO] Waiting for element visible [By.className: register__tab-button]. Timeout:20 sec
[INFO] found element visibility [By.className: register__tab-button]
[INFO] email returned -- anr9dbiird@example.com
  When user provides required details to create new account on mobile                           # com.salmon.test.step_definitions.gui.when.CreateNewAccountWhenStepDefs.userProvidesRequiredDetailsToCreateNewAccountOnMobile()
[INFO] Getting the product code -- 368797640
[INFO] Waiting for element visible [By.cssSelector: .product-details-page.content .button.button--primary.button--full-width.ng-scope]. Timeout:20 sec
[INFO] found element visibility [By.cssSelector: .product-details-page.content .button.button--primary.button--full-width.ng-scope]
[INFO] Waiting for element visible [By.cssSelector: .bag-item__prod-code.ng-binding]. Timeout:10 sec
[INFO] found element visibility [By.cssSelector: .bag-item__prod-code.ng-binding]
[INFO] Waiting for element visible [By.cssSelector: .bag-item__prod-code.ng-binding]. Timeout:10 sec
[INFO] found element visibility [By.cssSelector: .bag-item__prod-code.ng-binding]
  And I have checked out "Qty: 4" of a line item                                                # com.salmon.test.step_definitions.gui.ReturnsAndRefundsStepDefinitions.iHaveCheckedOutOfALineItem(java.lang.String)
[INFO] Waiting for element visible [By.name: useAddress]. Timeout:5 sec
[INFO] found element visibility [By.name: useAddress]
[INFO] Expected condition failed: waiting for com.salmon.test.framework.PageObject$$Lambda$646/0x00000008006e6840@6094ad4 (tried for 3 second(s) with 500 milliseconds interval)
[INFO] no delivery option
[INFO] Date Not available
[INFO] Telephone mandatory field is not displayed
  And I have checked out with the a delivery address "return" and "return"                      # com.salmon.test.step_definitions.gui.ReturnsAndRefundsStepDefinitions.iHaveCheckedOutWithTheADeliveryAddressAnd(java.lang.String,java.lang.String)
[INFO] Expected condition failed: waiting for com.salmon.test.framework.PageObject$$Lambda$646/0x00000008006e6840@36dc6b9 (tried for 3 second(s) with 500 milliseconds interval)
[INFO] No delivery update button found
[INFO] Expected condition failed: waiting for com.salmon.test.framework.PageObject$$Lambda$646/0x00000008006e6840@49482761 (tried for 5 second(s) with 500 milliseconds interval)
  And select debit or credit card tab                                                           # com.salmon.test.step_definitions.gui.ShoppingCartStepDefinitions.select_debit_or_credit_card_tab()
[INFO] Waiting for element visible [By.className: modal--large]. Timeout:20 sec
[INFO] found element visibility [By.className: modal--large]
[INFO] Waiting for element visible [By.xpath: //*[@class='checkout__payment-card-summary ng-scope']]. Timeout:10 sec
[INFO] found element visibility [By.xpath: //*[@class='checkout__payment-card-summary ng-scope']]
[INFO] Expected condition failed: waiting for com.salmon.test.framework.PageObject$$Lambda$646/0x00000008006e6840@3bf306d3 (tried for 5 second(s) with 500 milliseconds interval)
[INFO] place button found 
  And i change the billing address and add another card                                         # com.salmon.test.step_definitions.gui.ReturnsAndRefundsStepDefinitions.iChangeTheBillingAddressAndAddAnotherCard()
  And I get order number from the order confirmation page                                       # com.salmon.test.step_definitions.gui.then.PurchasesThenStepDefs.iGetOrderNumberFromTheOrderConfirmationPage()
[INFO] getting order statusPlaced
[INFO] getting order statusPlaced
[INFO] getting order statusPlaced
[INFO] getting order statusPlaced
[INFO] getting order statusPlaced
[INFO] getting order statusPlaced
[INFO] getting order statusIn Process
[INFO] getting order statusIn Process
[INFO] getting order statusIn Process
[INFO] getting order statusIn Process
[INFO] getting order statusIn Process
[INFO] getting order statusIn Process
[INFO] getting order statusIn Process
[INFO] getting order statusIn Process
[INFO] getting order statusIn Process
[INFO] getting order statusIn Process
[INFO] getting order statusIn Process
[INFO] getting order statusIn Process
[INFO] getting order statusIn Process
[INFO] getting order statusIn Process
[INFO] getting order statusIn Process
[INFO] getting order statusIn Process
[INFO] getting order statusIn Process
[INFO] getting order statusIn Process
[INFO] getting order statusIn Process
[INFO] getting order statusIn Process
[INFO] getting order statusIn Process
[INFO] getting order statusIn Process
[INFO] getting order statusAwaiting dispatch
[INFO] getting order statusAwaiting dispatch
[INFO] getting order statusAwaiting dispatch
[INFO] getting order statusAwaiting dispatch
[INFO] getting order statusAwaiting dispatch
[INFO] getting order statusAwaiting dispatch
[INFO] getting order statusAwaiting dispatch
[INFO] getting order statusAwaiting dispatch
[INFO] getting order statusAwaiting dispatch
[INFO] getting order statusAwaiting dispatch
[INFO] getting order statusAwaiting dispatch
[INFO] getting order statusAwaiting dispatch
[INFO] getting order statusAwaiting dispatch
[INFO] getting order statusAwaiting dispatch
[INFO] getting order statusAwaiting dispatch
[INFO] getting order statusAwaiting dispatch
[INFO] getting order statusAwaiting dispatch
[INFO] getting order statusAwaiting dispatch
[INFO] getting order statusAwaiting dispatch
[INFO] getting order statusAwaiting dispatch
[INFO] getting order statusAwaiting dispatch
[INFO] getting order statusAwaiting dispatch
[INFO] getting order statusAwaiting dispatch
[INFO] getting order statusAwaiting dispatch
[INFO] getting order statusAwaiting dispatch
[INFO] getting order statusAwaiting dispatch
[INFO] getting order statusAwaiting dispatch
[INFO] getting order statusAwaiting dispatch
[INFO] getting order statusAwaiting dispatch
[INFO] getting order statusAwaiting dispatch
[INFO] getting order statusAwaiting dispatch
[INFO] getting order statusAwaiting dispatch
[INFO] getting order statusAwaiting dispatch
  And select order with status "Returned" order status with "Track and view order" link mobile  # com.salmon.test.step_definitions.gui.then.PurchasesThenStepDefs.selectOrderWithStatusOMSMobile(java.lang.String,java.lang.String)
  Then refund history "true" section exits                                                      # com.salmon.test.step_definitions.gui.then.PurchasesThenStepDefs.refundHistorySectionExits(java.lang.Boolean)
      java.lang.AssertionError: expected:<true> but was:<false>
	at org.junit.Assert.fail(Assert.java:89)
	at org.junit.Assert.failNotEquals(Assert.java:835)
	at org.junit.Assert.assertEquals(Assert.java:120)
	at org.junit.Assert.assertEquals(Assert.java:146)
	at com.salmon.test.step_definitions.gui.then.PurchasesThenStepDefs.refundHistorySectionExits(PurchasesThenStepDefs.java:189)
	at ?.refund history "true" section exits(file:///D:/OMSPROJECT/NLK374/test/NEWLOOK_SAF/src/test/resources/features/mobile/ReturnsAndRefundsTestsMobile.feature:142)

  And also verify other order details in items section with status "Returned" and "UK Standard" # com.salmon.test.step_definitions.gui.then.PurchasesThenStepDefs.also_verify_other_order_details_in_items_section_with_status(java.lang.String,java.lang.String)
java.nio.file.NoSuchFileException: D:\OMSPROJECT\NLK374\test\NEWLOOK_SAFsrc\test\resources\categories.json - couldn't copy categories.json file from test/resources

    https://www-aws19.dev-newlook.com/uk/my-account/order/HY01597003


    Embedding screenshot [image/png 108093 bytes]

]]></system-out>
    <system-err><![CDATA[Sep 19, 2022 3:08:29 PM io.cucumber.testng.TestNGCucumberRunner <init>
WARNING: By default Cucumber is running in --non-strict mode.
This default will change to --strict and --non-strict will be removed.
You can use --strict or @CucumberOptions(strict = true) to suppress this warning
Sep 19, 2022 3:08:31 PM org.openqa.selenium.remote.DesiredCapabilities chrome
INFO: Using `new ChromeOptions()` is preferred to `DesiredCapabilities.chrome()`
Sep 19, 2022 3:08:45 PM org.openqa.selenium.remote.ProtocolHandshake createSession
INFO: Detected dialect: OSS
]]></system-err>
  </testcase>
</testsuite>